02:06:15.457 [at.ac.tuwien.sepm.assignment.individual.application.MainApplication.main()] DEBUG a.a.t.s.a.i.a.MainApplication - Application starting with arguments=[]
02:06:21.026 [JavaFX Application Thread] INFO  a.a.t.s.a.i.R.dao.VehicleDAOJDBC - Populating table vehicle
02:06:22.516 [JavaFX Application Thread] INFO  a.a.t.s.a.i.R.dao.VehicleDAOJDBC - Populating done
02:06:22.525 [JavaFX Application Thread] INFO  a.a.t.s.a.i.R.s.SimpleRentService - Getting reservations
02:06:22.525 [JavaFX Application Thread] INFO  a.a.t.s.a.i.R.d.ReservationDAOJDBC - Populating table reservation
02:06:22.538 [JavaFX Application Thread] INFO  a.a.t.s.a.i.R.d.ReservationDAOJDBC - Populating done
02:06:25.242 [JavaFX Application Thread] DEBUG a.a.t.s.a.i.a.MainApplication - Application startup complete
02:06:29.866 [JavaFX Application Thread] INFO  a.a.t.s.a.i.R.u.VehicleTableViewController - Bills button clicked
02:06:29.878 [JavaFX Application Thread] INFO  a.a.t.s.a.i.R.dao.VehicleDAOJDBC - Populating table vehicle
02:06:29.883 [JavaFX Application Thread] INFO  a.a.t.s.a.i.R.dao.VehicleDAOJDBC - Populating done
02:06:29.887 [JavaFX Application Thread] INFO  a.a.t.s.a.i.R.s.SimpleRentService - Getting reservations
02:06:29.888 [JavaFX Application Thread] INFO  a.a.t.s.a.i.R.d.ReservationDAOJDBC - Populating table reservation
02:06:29.895 [JavaFX Application Thread] INFO  a.a.t.s.a.i.R.d.ReservationDAOJDBC - Populating done
02:06:30.679 [JavaFX Application Thread] INFO  a.a.t.s.a.i.R.u.VehicleTableViewController - All reservations button clicked
02:06:30.723 [JavaFX Application Thread] INFO  a.a.t.s.a.i.R.dao.VehicleDAOJDBC - Populating table vehicle
02:06:30.731 [JavaFX Application Thread] INFO  a.a.t.s.a.i.R.dao.VehicleDAOJDBC - Populating done
02:06:30.733 [JavaFX Application Thread] INFO  a.a.t.s.a.i.R.s.SimpleRentService - Getting reservations
02:06:30.736 [JavaFX Application Thread] INFO  a.a.t.s.a.i.R.d.ReservationDAOJDBC - Populating table reservation
02:06:30.742 [JavaFX Application Thread] INFO  a.a.t.s.a.i.R.d.ReservationDAOJDBC - Populating done
02:06:39.899 [JavaFX Application Thread] INFO  a.a.t.s.a.i.R.u.VehicleTableViewController - Close button clicked
12:42:32.288 [main] DEBUG a.a.t.s.a.i.a.MainApplication - Application starting with arguments=[]
12:42:33.374 [JavaFX Application Thread] INFO  a.a.t.s.a.i.R.dao.VehicleDAOJDBC - Populating table vehicle
12:42:34.987 [JavaFX Application Thread] INFO  a.a.t.s.a.i.R.dao.VehicleDAOJDBC - Populating done
12:42:34.989 [JavaFX Application Thread] INFO  a.a.t.s.a.i.R.s.SimpleRentService - Getting reservations
12:42:34.990 [JavaFX Application Thread] INFO  a.a.t.s.a.i.R.d.ReservationDAOJDBC - Populating table reservation
12:42:35.021 [JavaFX Application Thread] INFO  a.a.t.s.a.i.R.d.ReservationDAOJDBC - Populating done
12:42:37.910 [JavaFX Application Thread] DEBUG a.a.t.s.a.i.a.MainApplication - Application startup complete
12:42:44.043 [JavaFX Application Thread] DEBUG a.a.t.s.a.i.R.u.VehicleTableViewController - Reservation Reservation{id=7, name='Karla', bankOrCreditCard='6011682666912323', dateFrom=2018-04-09T09:00, dateTo=2018-04-11T13:00, totalPrice=127.4, date=2018-04-08, dateBill=null, numberBill=0, status='open'}
12:42:44.095 [JavaFX Application Thread] INFO  a.a.t.s.a.i.R.s.SimpleRentService - Getting vehicles
12:42:44.096 [JavaFX Application Thread] INFO  a.a.t.s.a.i.R.dao.BillDAOJDBC - Getting reserved list of vehicles
12:42:44.103 [JavaFX Application Thread] DEBUG a.a.t.s.a.i.R.u.DetailReservationViewController - Reservation{id=7, name='Karla', bankOrCreditCard='6011682666912323', dateFrom=2018-04-09T09:00, dateTo=2018-04-11T13:00, totalPrice=127.4, date=2018-04-08, dateBill=null, numberBill=0, status='open'}
12:42:44.325 [JavaFX Application Thread] INFO  a.a.t.s.a.i.R.s.SimpleRentService - Getting vehicles
12:42:44.325 [JavaFX Application Thread] INFO  a.a.t.s.a.i.R.dao.BillDAOJDBC - Getting reserved list of vehicles
12:42:47.700 [JavaFX Application Thread] INFO  a.a.t.s.a.i.R.u.DetailReservationViewController - Close button clicked
12:42:47.730 [JavaFX Application Thread] INFO  a.a.t.s.a.i.R.dao.VehicleDAOJDBC - Populating table vehicle
12:42:47.733 [JavaFX Application Thread] INFO  a.a.t.s.a.i.R.dao.VehicleDAOJDBC - Populating done
12:42:47.734 [JavaFX Application Thread] INFO  a.a.t.s.a.i.R.s.SimpleRentService - Getting reservations
12:42:47.734 [JavaFX Application Thread] INFO  a.a.t.s.a.i.R.d.ReservationDAOJDBC - Populating table reservation
12:42:47.737 [JavaFX Application Thread] INFO  a.a.t.s.a.i.R.d.ReservationDAOJDBC - Populating done
12:42:50.720 [JavaFX Application Thread] DEBUG a.a.t.s.a.i.R.u.VehicleTableViewController - Reservation Reservation{id=9, name='Daniel', bankOrCreditCard='5201280741333730', dateFrom=2018-04-10T10:00, dateTo=2018-04-13T09:00, totalPrice=66.5625, date=2018-04-08, dateBill=2018-04-08T22:36:20.249195, numberBill=2, status='canceled'}
12:42:50.720 [JavaFX Application Thread] INFO  a.a.t.s.a.i.R.s.SimpleRentService - Getting vehicles
12:42:50.720 [JavaFX Application Thread] INFO  a.a.t.s.a.i.R.dao.BillDAOJDBC - Getting reserved list of vehicles
12:42:50.721 [JavaFX Application Thread] DEBUG a.a.t.s.a.i.R.u.DetailReservationViewController - Reservation{id=9, name='Daniel', bankOrCreditCard='5201280741333730', dateFrom=2018-04-10T10:00, dateTo=2018-04-13T09:00, totalPrice=66.5625, date=2018-04-08, dateBill=2018-04-08T22:36:20.249195, numberBill=2, status='canceled'}
12:42:50.751 [JavaFX Application Thread] INFO  a.a.t.s.a.i.R.s.SimpleRentService - Getting vehicles
12:42:50.752 [JavaFX Application Thread] INFO  a.a.t.s.a.i.R.dao.BillDAOJDBC - Getting reserved list of vehicles
12:42:53.113 [JavaFX Application Thread] INFO  a.a.t.s.a.i.R.u.DetailReservationViewController - Close button clicked
12:42:53.119 [JavaFX Application Thread] INFO  a.a.t.s.a.i.R.dao.VehicleDAOJDBC - Populating table vehicle
12:42:53.122 [JavaFX Application Thread] INFO  a.a.t.s.a.i.R.dao.VehicleDAOJDBC - Populating done
12:42:53.123 [JavaFX Application Thread] INFO  a.a.t.s.a.i.R.s.SimpleRentService - Getting reservations
12:42:53.123 [JavaFX Application Thread] INFO  a.a.t.s.a.i.R.d.ReservationDAOJDBC - Populating table reservation
12:42:53.128 [JavaFX Application Thread] INFO  a.a.t.s.a.i.R.d.ReservationDAOJDBC - Populating done
12:42:55.322 [JavaFX Application Thread] DEBUG a.a.t.s.a.i.R.u.VehicleTableViewController - Reservation Reservation{id=4, name='Maximillian', bankOrCreditCard='AT022011100003429660', dateFrom=2018-04-23T11:00, dateTo=2018-04-30T11:00, totalPrice=470.4, date=2018-04-08, dateBill=null, numberBill=0, status='open'}
12:42:55.323 [JavaFX Application Thread] INFO  a.a.t.s.a.i.R.s.SimpleRentService - Getting vehicles
12:42:55.323 [JavaFX Application Thread] INFO  a.a.t.s.a.i.R.dao.BillDAOJDBC - Getting reserved list of vehicles
12:42:55.324 [JavaFX Application Thread] DEBUG a.a.t.s.a.i.R.u.DetailReservationViewController - Reservation{id=4, name='Maximillian', bankOrCreditCard='AT022011100003429660', dateFrom=2018-04-23T11:00, dateTo=2018-04-30T11:00, totalPrice=470.4, date=2018-04-08, dateBill=null, numberBill=0, status='open'}
12:42:55.347 [JavaFX Application Thread] INFO  a.a.t.s.a.i.R.s.SimpleRentService - Getting vehicles
12:42:55.348 [JavaFX Application Thread] INFO  a.a.t.s.a.i.R.dao.BillDAOJDBC - Getting reserved list of vehicles
12:42:57.106 [JavaFX Application Thread] INFO  a.a.t.s.a.i.R.u.DetailReservationViewController - Close button clicked
12:42:57.112 [JavaFX Application Thread] INFO  a.a.t.s.a.i.R.dao.VehicleDAOJDBC - Populating table vehicle
12:42:57.114 [JavaFX Application Thread] INFO  a.a.t.s.a.i.R.dao.VehicleDAOJDBC - Populating done
12:42:57.115 [JavaFX Application Thread] INFO  a.a.t.s.a.i.R.s.SimpleRentService - Getting reservations
12:42:57.115 [JavaFX Application Thread] INFO  a.a.t.s.a.i.R.d.ReservationDAOJDBC - Populating table reservation
12:42:57.118 [JavaFX Application Thread] INFO  a.a.t.s.a.i.R.d.ReservationDAOJDBC - Populating done
12:43:00.541 [JavaFX Application Thread] DEBUG a.a.t.s.a.i.R.u.VehicleTableViewController - Reservation Reservation{id=1, name='Lena', bankOrCreditCard='AT021200000703447144', dateFrom=2018-04-09T08:00, dateTo=2018-04-11T13:00, totalPrice=204.05, date=2018-04-08, dateBill=null, numberBill=0, status='open'}
12:43:00.542 [JavaFX Application Thread] INFO  a.a.t.s.a.i.R.s.SimpleRentService - Getting vehicles
12:43:00.542 [JavaFX Application Thread] INFO  a.a.t.s.a.i.R.dao.BillDAOJDBC - Getting reserved list of vehicles
12:43:00.543 [JavaFX Application Thread] DEBUG a.a.t.s.a.i.R.u.DetailReservationViewController - Reservation{id=1, name='Lena', bankOrCreditCard='AT021200000703447144', dateFrom=2018-04-09T08:00, dateTo=2018-04-11T13:00, totalPrice=204.05, date=2018-04-08, dateBill=null, numberBill=0, status='open'}
12:43:00.565 [JavaFX Application Thread] INFO  a.a.t.s.a.i.R.s.SimpleRentService - Getting vehicles
12:43:00.565 [JavaFX Application Thread] INFO  a.a.t.s.a.i.R.dao.BillDAOJDBC - Getting reserved list of vehicles
12:43:07.121 [JavaFX Application Thread] INFO  a.a.t.s.a.i.R.u.DetailReservationViewController - Close button clicked
12:43:07.127 [JavaFX Application Thread] INFO  a.a.t.s.a.i.R.dao.VehicleDAOJDBC - Populating table vehicle
12:43:07.129 [JavaFX Application Thread] INFO  a.a.t.s.a.i.R.dao.VehicleDAOJDBC - Populating done
12:43:07.129 [JavaFX Application Thread] INFO  a.a.t.s.a.i.R.s.SimpleRentService - Getting reservations
12:43:07.130 [JavaFX Application Thread] INFO  a.a.t.s.a.i.R.d.ReservationDAOJDBC - Populating table reservation
12:43:07.134 [JavaFX Application Thread] INFO  a.a.t.s.a.i.R.d.ReservationDAOJDBC - Populating done
12:43:08.799 [JavaFX Application Thread] DEBUG a.a.t.s.a.i.R.u.VehicleTableViewController - Reservation Reservation{id=7, name='Karla', bankOrCreditCard='6011682666912323', dateFrom=2018-04-09T09:00, dateTo=2018-04-11T13:00, totalPrice=127.4, date=2018-04-08, dateBill=null, numberBill=0, status='open'}
12:43:08.799 [JavaFX Application Thread] INFO  a.a.t.s.a.i.R.s.SimpleRentService - Getting vehicles
12:43:08.799 [JavaFX Application Thread] INFO  a.a.t.s.a.i.R.dao.BillDAOJDBC - Getting reserved list of vehicles
12:43:08.800 [JavaFX Application Thread] DEBUG a.a.t.s.a.i.R.u.DetailReservationViewController - Reservation{id=7, name='Karla', bankOrCreditCard='6011682666912323', dateFrom=2018-04-09T09:00, dateTo=2018-04-11T13:00, totalPrice=127.4, date=2018-04-08, dateBill=null, numberBill=0, status='open'}
12:43:08.818 [JavaFX Application Thread] INFO  a.a.t.s.a.i.R.s.SimpleRentService - Getting vehicles
12:43:08.818 [JavaFX Application Thread] INFO  a.a.t.s.a.i.R.dao.BillDAOJDBC - Getting reserved list of vehicles
12:43:13.382 [JavaFX Application Thread] INFO  a.a.t.s.a.i.R.u.DetailReservationViewController - Close button clicked
12:43:13.387 [JavaFX Application Thread] INFO  a.a.t.s.a.i.R.dao.VehicleDAOJDBC - Populating table vehicle
12:43:13.389 [JavaFX Application Thread] INFO  a.a.t.s.a.i.R.dao.VehicleDAOJDBC - Populating done
12:43:13.390 [JavaFX Application Thread] INFO  a.a.t.s.a.i.R.s.SimpleRentService - Getting reservations
12:43:13.390 [JavaFX Application Thread] INFO  a.a.t.s.a.i.R.d.ReservationDAOJDBC - Populating table reservation
12:43:13.392 [JavaFX Application Thread] INFO  a.a.t.s.a.i.R.d.ReservationDAOJDBC - Populating done
12:43:14.818 [JavaFX Application Thread] DEBUG a.a.t.s.a.i.R.u.VehicleTableViewController - Reservation Reservation{id=2, name='Maria', bankOrCreditCard='5154579027546064', dateFrom=2018-04-09T10:00, dateTo=2018-04-14T12:00, totalPrice=523.38, date=2018-04-08, dateBill=null, numberBill=0, status='open'}
12:43:14.818 [JavaFX Application Thread] INFO  a.a.t.s.a.i.R.s.SimpleRentService - Getting vehicles
12:43:14.819 [JavaFX Application Thread] INFO  a.a.t.s.a.i.R.dao.BillDAOJDBC - Getting reserved list of vehicles
12:43:14.819 [JavaFX Application Thread] DEBUG a.a.t.s.a.i.R.u.DetailReservationViewController - Reservation{id=2, name='Maria', bankOrCreditCard='5154579027546064', dateFrom=2018-04-09T10:00, dateTo=2018-04-14T12:00, totalPrice=523.38, date=2018-04-08, dateBill=null, numberBill=0, status='open'}
12:43:14.837 [JavaFX Application Thread] INFO  a.a.t.s.a.i.R.s.SimpleRentService - Getting vehicles
12:43:14.837 [JavaFX Application Thread] INFO  a.a.t.s.a.i.R.dao.BillDAOJDBC - Getting reserved list of vehicles
12:43:21.097 [JavaFX Application Thread] INFO  a.a.t.s.a.i.R.u.DetailReservationViewController - Close button clicked
12:43:21.102 [JavaFX Application Thread] INFO  a.a.t.s.a.i.R.dao.VehicleDAOJDBC - Populating table vehicle
12:43:21.104 [JavaFX Application Thread] INFO  a.a.t.s.a.i.R.dao.VehicleDAOJDBC - Populating done
12:43:21.105 [JavaFX Application Thread] INFO  a.a.t.s.a.i.R.s.SimpleRentService - Getting reservations
12:43:21.105 [JavaFX Application Thread] INFO  a.a.t.s.a.i.R.d.ReservationDAOJDBC - Populating table reservation
12:43:21.108 [JavaFX Application Thread] INFO  a.a.t.s.a.i.R.d.ReservationDAOJDBC - Populating done
12:43:24.116 [JavaFX Application Thread] DEBUG a.a.t.s.a.i.R.u.VehicleTableViewController - Reservation Reservation{id=6, name='Matthias', bankOrCreditCard='4532938298438433', dateFrom=2018-04-12T09:00, dateTo=2018-04-16T11:00, totalPrice=88.2, date=2018-04-08, dateBill=2018-04-08T22:32:16.266262, numberBill=1, status='canceled'}
12:43:24.117 [JavaFX Application Thread] INFO  a.a.t.s.a.i.R.s.SimpleRentService - Getting vehicles
12:43:24.117 [JavaFX Application Thread] INFO  a.a.t.s.a.i.R.dao.BillDAOJDBC - Getting reserved list of vehicles
12:43:24.118 [JavaFX Application Thread] DEBUG a.a.t.s.a.i.R.u.DetailReservationViewController - Reservation{id=6, name='Matthias', bankOrCreditCard='4532938298438433', dateFrom=2018-04-12T09:00, dateTo=2018-04-16T11:00, totalPrice=88.2, date=2018-04-08, dateBill=2018-04-08T22:32:16.266262, numberBill=1, status='canceled'}
12:43:24.139 [JavaFX Application Thread] INFO  a.a.t.s.a.i.R.s.SimpleRentService - Getting vehicles
12:43:24.139 [JavaFX Application Thread] INFO  a.a.t.s.a.i.R.dao.BillDAOJDBC - Getting reserved list of vehicles
12:43:25.478 [JavaFX Application Thread] INFO  a.a.t.s.a.i.R.u.DetailReservationViewController - Close button clicked
12:43:25.483 [JavaFX Application Thread] INFO  a.a.t.s.a.i.R.dao.VehicleDAOJDBC - Populating table vehicle
12:43:25.485 [JavaFX Application Thread] INFO  a.a.t.s.a.i.R.dao.VehicleDAOJDBC - Populating done
12:43:25.486 [JavaFX Application Thread] INFO  a.a.t.s.a.i.R.s.SimpleRentService - Getting reservations
12:43:25.486 [JavaFX Application Thread] INFO  a.a.t.s.a.i.R.d.ReservationDAOJDBC - Populating table reservation
12:43:25.488 [JavaFX Application Thread] INFO  a.a.t.s.a.i.R.d.ReservationDAOJDBC - Populating done
12:43:27.029 [JavaFX Application Thread] DEBUG a.a.t.s.a.i.R.u.VehicleTableViewController - Reservation Reservation{id=3, name='Mario', bankOrCreditCard='AT026000000001349870', dateFrom=2018-04-16T12:00, dateTo=2018-04-25T12:00, totalPrice=486.0, date=2018-04-08, dateBill=null, numberBill=0, status='open'}
12:43:27.030 [JavaFX Application Thread] INFO  a.a.t.s.a.i.R.s.SimpleRentService - Getting vehicles
12:43:27.030 [JavaFX Application Thread] INFO  a.a.t.s.a.i.R.dao.BillDAOJDBC - Getting reserved list of vehicles
12:43:27.031 [JavaFX Application Thread] DEBUG a.a.t.s.a.i.R.u.DetailReservationViewController - Reservation{id=3, name='Mario', bankOrCreditCard='AT026000000001349870', dateFrom=2018-04-16T12:00, dateTo=2018-04-25T12:00, totalPrice=486.0, date=2018-04-08, dateBill=null, numberBill=0, status='open'}
12:43:27.050 [JavaFX Application Thread] INFO  a.a.t.s.a.i.R.s.SimpleRentService - Getting vehicles
12:43:27.051 [JavaFX Application Thread] INFO  a.a.t.s.a.i.R.dao.BillDAOJDBC - Getting reserved list of vehicles
12:43:30.425 [JavaFX Application Thread] INFO  a.a.t.s.a.i.R.u.DetailReservationViewController - Close button clicked
12:43:30.430 [JavaFX Application Thread] INFO  a.a.t.s.a.i.R.dao.VehicleDAOJDBC - Populating table vehicle
12:43:30.431 [JavaFX Application Thread] INFO  a.a.t.s.a.i.R.dao.VehicleDAOJDBC - Populating done
12:43:30.432 [JavaFX Application Thread] INFO  a.a.t.s.a.i.R.s.SimpleRentService - Getting reservations
12:43:30.432 [JavaFX Application Thread] INFO  a.a.t.s.a.i.R.d.ReservationDAOJDBC - Populating table reservation
12:43:30.434 [JavaFX Application Thread] INFO  a.a.t.s.a.i.R.d.ReservationDAOJDBC - Populating done
12:43:32.498 [JavaFX Application Thread] DEBUG a.a.t.s.a.i.R.u.VehicleTableViewController - Reservation Reservation{id=10, name='Anna', bankOrCreditCard='AT022040400040102634', dateFrom=2018-04-06T12:00, dateTo=2018-04-09T11:00, totalPrice=198.79999999999998, date=2018-04-08, dateBill=2018-04-08T22:39:54.371392, numberBill=3, status='paid'}
12:43:32.499 [JavaFX Application Thread] INFO  a.a.t.s.a.i.R.s.SimpleRentService - Getting vehicles
12:43:32.499 [JavaFX Application Thread] INFO  a.a.t.s.a.i.R.dao.BillDAOJDBC - Getting reserved list of vehicles
12:43:32.499 [JavaFX Application Thread] DEBUG a.a.t.s.a.i.R.u.DetailReservationViewController - Reservation{id=10, name='Anna', bankOrCreditCard='AT022040400040102634', dateFrom=2018-04-06T12:00, dateTo=2018-04-09T11:00, totalPrice=198.79999999999998, date=2018-04-08, dateBill=2018-04-08T22:39:54.371392, numberBill=3, status='paid'}
12:43:32.515 [JavaFX Application Thread] INFO  a.a.t.s.a.i.R.s.SimpleRentService - Getting vehicles
12:43:32.515 [JavaFX Application Thread] INFO  a.a.t.s.a.i.R.dao.BillDAOJDBC - Getting reserved list of vehicles
12:43:35.008 [JavaFX Application Thread] INFO  a.a.t.s.a.i.R.u.DetailReservationViewController - Close button clicked
12:43:35.014 [JavaFX Application Thread] INFO  a.a.t.s.a.i.R.dao.VehicleDAOJDBC - Populating table vehicle
12:43:35.016 [JavaFX Application Thread] INFO  a.a.t.s.a.i.R.dao.VehicleDAOJDBC - Populating done
12:43:35.016 [JavaFX Application Thread] INFO  a.a.t.s.a.i.R.s.SimpleRentService - Getting reservations
12:43:35.016 [JavaFX Application Thread] INFO  a.a.t.s.a.i.R.d.ReservationDAOJDBC - Populating table reservation
12:43:35.020 [JavaFX Application Thread] INFO  a.a.t.s.a.i.R.d.ReservationDAOJDBC - Populating done
12:43:37.427 [JavaFX Application Thread] INFO  a.a.t.s.a.i.R.u.VehicleTableViewController - Bills button clicked
12:43:37.427 [JavaFX Application Thread] INFO  a.a.t.s.a.i.R.dao.VehicleDAOJDBC - Populating table vehicle
12:43:37.428 [JavaFX Application Thread] INFO  a.a.t.s.a.i.R.dao.VehicleDAOJDBC - Populating done
12:43:37.429 [JavaFX Application Thread] INFO  a.a.t.s.a.i.R.s.SimpleRentService - Getting reservations
12:43:37.429 [JavaFX Application Thread] INFO  a.a.t.s.a.i.R.d.ReservationDAOJDBC - Populating table reservation
12:43:37.431 [JavaFX Application Thread] INFO  a.a.t.s.a.i.R.d.ReservationDAOJDBC - Populating done
12:43:39.800 [JavaFX Application Thread] INFO  a.a.t.s.a.i.R.u.VehicleTableViewController - All reservations button clicked
12:43:39.801 [JavaFX Application Thread] INFO  a.a.t.s.a.i.R.dao.VehicleDAOJDBC - Populating table vehicle
12:43:39.802 [JavaFX Application Thread] INFO  a.a.t.s.a.i.R.dao.VehicleDAOJDBC - Populating done
12:43:39.803 [JavaFX Application Thread] INFO  a.a.t.s.a.i.R.s.SimpleRentService - Getting reservations
12:43:39.803 [JavaFX Application Thread] INFO  a.a.t.s.a.i.R.d.ReservationDAOJDBC - Populating table reservation
12:43:39.804 [JavaFX Application Thread] INFO  a.a.t.s.a.i.R.d.ReservationDAOJDBC - Populating done
12:43:48.027 [JavaFX Application Thread] DEBUG a.a.t.s.a.i.R.u.VehicleTableViewController - Reservation Reservation{id=3, name='Mario', bankOrCreditCard='AT026000000001349870', dateFrom=2018-04-16T12:00, dateTo=2018-04-25T12:00, totalPrice=486.0, date=2018-04-08, dateBill=null, numberBill=0, status='open'}
12:43:48.028 [JavaFX Application Thread] INFO  a.a.t.s.a.i.R.s.SimpleRentService - Getting vehicles
12:43:48.028 [JavaFX Application Thread] INFO  a.a.t.s.a.i.R.dao.BillDAOJDBC - Getting reserved list of vehicles
12:43:48.029 [JavaFX Application Thread] DEBUG a.a.t.s.a.i.R.u.DetailReservationViewController - Reservation{id=3, name='Mario', bankOrCreditCard='AT026000000001349870', dateFrom=2018-04-16T12:00, dateTo=2018-04-25T12:00, totalPrice=486.0, date=2018-04-08, dateBill=null, numberBill=0, status='open'}
12:43:48.044 [JavaFX Application Thread] INFO  a.a.t.s.a.i.R.s.SimpleRentService - Getting vehicles
12:43:48.045 [JavaFX Application Thread] INFO  a.a.t.s.a.i.R.dao.BillDAOJDBC - Getting reserved list of vehicles
12:43:49.156 [JavaFX Application Thread] INFO  a.a.t.s.a.i.R.u.DetailReservationViewController - Update button clicked
12:43:51.894 [JavaFX Application Thread] INFO  a.a.t.s.a.i.R.u.DetailReservationViewController - Close button clicked
12:43:51.900 [JavaFX Application Thread] INFO  a.a.t.s.a.i.R.dao.VehicleDAOJDBC - Populating table vehicle
12:43:51.901 [JavaFX Application Thread] INFO  a.a.t.s.a.i.R.dao.VehicleDAOJDBC - Populating done
12:43:51.902 [JavaFX Application Thread] INFO  a.a.t.s.a.i.R.s.SimpleRentService - Getting reservations
12:43:51.902 [JavaFX Application Thread] INFO  a.a.t.s.a.i.R.d.ReservationDAOJDBC - Populating table reservation
12:43:51.903 [JavaFX Application Thread] INFO  a.a.t.s.a.i.R.d.ReservationDAOJDBC - Populating done
12:43:53.303 [JavaFX Application Thread] INFO  a.a.t.s.a.i.R.u.VehicleTableViewController - Close button clicked
12:58:05.535 [main] DEBUG a.a.t.s.a.i.a.MainApplication - Application starting with arguments=[]
12:58:06.604 [JavaFX Application Thread] INFO  a.a.t.s.a.i.R.dao.VehicleDAOJDBC - Populating table vehicle
12:58:25.556 [main] DEBUG a.a.t.s.a.i.a.MainApplication - Application starting with arguments=[]
12:58:26.626 [JavaFX Application Thread] INFO  a.a.t.s.a.i.R.dao.VehicleDAOJDBC - Populating table vehicle
12:58:28.818 [JavaFX Application Thread] INFO  a.a.t.s.a.i.R.dao.VehicleDAOJDBC - Populating done
12:58:28.824 [JavaFX Application Thread] INFO  a.a.t.s.a.i.R.s.SimpleRentService - Getting reservations
12:58:28.825 [JavaFX Application Thread] INFO  a.a.t.s.a.i.R.d.ReservationDAOJDBC - Populating table reservation
12:58:28.857 [JavaFX Application Thread] INFO  a.a.t.s.a.i.R.d.ReservationDAOJDBC - Populating done
12:58:31.986 [JavaFX Application Thread] DEBUG a.a.t.s.a.i.a.MainApplication - Application startup complete
12:58:36.385 [JavaFX Application Thread] INFO  a.a.t.s.a.i.R.u.VehicleTableViewController - Close button clicked
15:40:33.112 [main] DEBUG a.a.t.s.a.i.a.MainApplication - Application starting with arguments=[]
15:40:35.298 [JavaFX Application Thread] INFO  a.a.t.s.a.i.R.dao.VehicleDAOJDBC - Populating table vehicle
15:40:36.210 [JavaFX Application Thread] INFO  a.a.t.s.a.i.R.dao.VehicleDAOJDBC - Populating done
15:40:36.212 [JavaFX Application Thread] INFO  a.a.t.s.a.i.R.s.SimpleRentService - Getting reservations
15:40:36.212 [JavaFX Application Thread] INFO  a.a.t.s.a.i.R.d.ReservationDAOJDBC - Populating table reservation
15:40:36.223 [JavaFX Application Thread] INFO  a.a.t.s.a.i.R.d.ReservationDAOJDBC - Populating done
15:40:38.802 [JavaFX Application Thread] DEBUG a.a.t.s.a.i.a.MainApplication - Application startup complete
15:40:50.104 [JavaFX Application Thread] DEBUG a.a.t.s.a.i.R.u.VehicleTableViewController - Reservation Reservation{id=8, name='Matthias', bankOrCreditCard='4532938298438433', dateFrom=2018-04-12T09:00, dateTo=2018-04-16T11:00, totalPrice=88.2, date=2018-04-08, dateBill=2018-04-08T22:32:16.266262400, numberBill=1, status='canceled'}
15:40:50.157 [JavaFX Application Thread] INFO  a.a.t.s.a.i.R.s.SimpleRentService - Getting vehicles
15:40:50.158 [JavaFX Application Thread] INFO  a.a.t.s.a.i.R.dao.BillDAOJDBC - Getting reserved list of vehicles
15:40:50.165 [JavaFX Application Thread] DEBUG a.a.t.s.a.i.R.u.DetailReservationViewController - Reservation{id=8, name='Matthias', bankOrCreditCard='4532938298438433', dateFrom=2018-04-12T09:00, dateTo=2018-04-16T11:00, totalPrice=88.2, date=2018-04-08, dateBill=2018-04-08T22:32:16.266262400, numberBill=1, status='canceled'}
15:40:50.300 [JavaFX Application Thread] INFO  a.a.t.s.a.i.R.s.SimpleRentService - Getting vehicles
15:40:50.300 [JavaFX Application Thread] INFO  a.a.t.s.a.i.R.dao.BillDAOJDBC - Getting reserved list of vehicles
15:40:52.508 [JavaFX Application Thread] INFO  a.a.t.s.a.i.R.u.DetailReservationViewController - Close button clicked
15:40:52.518 [JavaFX Application Thread] INFO  a.a.t.s.a.i.R.dao.VehicleDAOJDBC - Populating table vehicle
15:40:52.522 [JavaFX Application Thread] INFO  a.a.t.s.a.i.R.dao.VehicleDAOJDBC - Populating done
15:40:52.523 [JavaFX Application Thread] INFO  a.a.t.s.a.i.R.s.SimpleRentService - Getting reservations
15:40:52.524 [JavaFX Application Thread] INFO  a.a.t.s.a.i.R.d.ReservationDAOJDBC - Populating table reservation
15:40:52.530 [JavaFX Application Thread] INFO  a.a.t.s.a.i.R.d.ReservationDAOJDBC - Populating done
15:41:09.009 [JavaFX Application Thread] INFO  a.a.t.s.a.i.R.u.DetailVehicleViewController - Updating values of vehicle
15:41:21.530 [JavaFX Application Thread] INFO  a.a.t.s.a.i.R.u.DetailVehicleViewController - Save changes button clicked
15:41:21.533 [JavaFX Application Thread] INFO  a.a.t.s.a.i.R.u.DetailVehicleViewController - Parsing integers
15:41:21.611 [JavaFX Application Thread] INFO  a.a.t.s.a.i.R.u.DetailVehicleViewController - Validating all input fields
15:41:21.617 [JavaFX Application Thread] INFO  a.a.t.s.a.i.R.s.SimpleRentService - Checking for incorrect values
15:41:22.019 [JavaFX Application Thread] INFO  a.a.t.s.a.i.R.s.SimpleRentService - Updating vehicle Vehicle{id=3, label='Volkswagen Tiguan', year=2013, description='', seats=3, registrationNr='W414-01', type='motorized', power=130, price=2.8, date=2018-04-08, picture='C:\Users\Mensur\SEPMpictures\Tig-18-0033-Dig_3x2_B.png', drivingLicence='BC'}
15:41:22.093 [JavaFX Application Thread] INFO  a.a.t.s.a.i.R.dao.VehicleDAOJDBC - update a Vehicle Vehicle{id=3, label='Volkswagen Tiguan', year=2013, description='', seats=3, registrationNr='W414-01', type='motorized', power=130, price=2.8, date=2018-04-08, picture='C:\Users\Mensur\SEPMpictures\Tig-18-0033-Dig_3x2_B.png', drivingLicence='BC'}
15:41:22.111 [JavaFX Application Thread] INFO  a.a.t.s.a.i.R.dao.VehicleDAOJDBC - Saving picture to SEPMpictures
15:41:22.116 [JavaFX Application Thread] INFO  a.a.t.s.a.i.R.s.SimpleRentService - All values checked
15:41:22.116 [JavaFX Application Thread] INFO  a.a.t.s.a.i.R.s.SimpleRentService - Vehicle updated Vehicle{id=3, label='Volkswagen Tiguan', year=2013, description='', seats=3, registrationNr='W414-01', type='motorized', power=130, price=2.8, date=2018-04-08, picture='C:\Users\Mensur\SEPMpictures\Tig-18-0033-Dig_3x2_B.png', drivingLicence='BC'}
15:41:22.131 [JavaFX Application Thread] INFO  a.a.t.s.a.i.R.dao.VehicleDAOJDBC - Populating table vehicle
15:41:22.134 [JavaFX Application Thread] INFO  a.a.t.s.a.i.R.dao.VehicleDAOJDBC - Populating done
15:41:22.136 [JavaFX Application Thread] INFO  a.a.t.s.a.i.R.s.SimpleRentService - Getting reservations
15:41:22.137 [JavaFX Application Thread] INFO  a.a.t.s.a.i.R.d.ReservationDAOJDBC - Populating table reservation
15:41:22.143 [JavaFX Application Thread] INFO  a.a.t.s.a.i.R.d.ReservationDAOJDBC - Populating done
15:41:28.337 [JavaFX Application Thread] INFO  a.a.t.s.a.i.R.u.DetailVehicleViewController - Close button clicked
15:41:28.344 [JavaFX Application Thread] INFO  a.a.t.s.a.i.R.dao.VehicleDAOJDBC - Populating table vehicle
15:41:28.348 [JavaFX Application Thread] INFO  a.a.t.s.a.i.R.dao.VehicleDAOJDBC - Populating done
15:41:28.350 [JavaFX Application Thread] INFO  a.a.t.s.a.i.R.s.SimpleRentService - Getting reservations
15:41:28.350 [JavaFX Application Thread] INFO  a.a.t.s.a.i.R.d.ReservationDAOJDBC - Populating table reservation
15:41:28.354 [JavaFX Application Thread] INFO  a.a.t.s.a.i.R.d.ReservationDAOJDBC - Populating done
15:41:52.761 [JavaFX Application Thread] INFO  a.a.t.s.a.i.R.u.DetailVehicleViewController - Close button clicked
15:41:52.768 [JavaFX Application Thread] INFO  a.a.t.s.a.i.R.dao.VehicleDAOJDBC - Populating table vehicle
15:41:52.771 [JavaFX Application Thread] INFO  a.a.t.s.a.i.R.dao.VehicleDAOJDBC - Populating done
15:41:52.773 [JavaFX Application Thread] INFO  a.a.t.s.a.i.R.s.SimpleRentService - Getting reservations
15:41:52.773 [JavaFX Application Thread] INFO  a.a.t.s.a.i.R.d.ReservationDAOJDBC - Populating table reservation
15:41:52.781 [JavaFX Application Thread] INFO  a.a.t.s.a.i.R.d.ReservationDAOJDBC - Populating done
15:41:53.455 [JavaFX Application Thread] INFO  a.a.t.s.a.i.R.u.VehicleTableViewController - Add new vehicle button clicked
15:42:23.945 [JavaFX Application Thread] INFO  a.a.t.s.a.i.R.u.AddVehicleController - Add button clicked
15:42:23.947 [JavaFX Application Thread] INFO  a.a.t.s.a.i.R.u.AddVehicleController - Parsing integers
15:42:23.951 [JavaFX Application Thread] INFO  a.a.t.s.a.i.R.u.AddVehicleController - Validating all input fields
15:42:23.954 [JavaFX Application Thread] INFO  a.a.t.s.a.i.R.s.SimpleRentService - Checking for incorrect values
15:42:23.954 [JavaFX Application Thread] INFO  a.a.t.s.a.i.R.s.SimpleRentService - Saving vehicle Vehicle{id=null, label='VW  GOlf', year=2014, description='', seats=0, registrationNr='W789-98', type='motorized', power=145, price=2.35, date=2018-04-10, picture='', drivingLicence='BC'}
15:42:23.954 [JavaFX Application Thread] INFO  a.a.t.s.a.i.R.dao.VehicleDAOJDBC - create a Vehicle: Vehicle{id=null, label='VW  GOlf', year=2014, description='', seats=0, registrationNr='W789-98', type='motorized', power=145, price=2.35, date=2018-04-10, picture='', drivingLicence='BC'}
15:42:23.961 [JavaFX Application Thread] INFO  a.a.t.s.a.i.R.s.SimpleRentService - All values checked
15:42:23.961 [JavaFX Application Thread] INFO  a.a.t.s.a.i.R.s.SimpleRentService - Vehicle saved Vehicle{id=null, label='VW  GOlf', year=2014, description='', seats=0, registrationNr='W789-98', type='motorized', power=145, price=2.35, date=2018-04-10, picture='', drivingLicence='BC'}
15:42:23.967 [JavaFX Application Thread] INFO  a.a.t.s.a.i.R.dao.VehicleDAOJDBC - Populating table vehicle
15:42:23.971 [JavaFX Application Thread] INFO  a.a.t.s.a.i.R.dao.VehicleDAOJDBC - Populating done
15:42:23.982 [JavaFX Application Thread] INFO  a.a.t.s.a.i.R.s.SimpleRentService - Getting reservations
15:42:23.983 [JavaFX Application Thread] INFO  a.a.t.s.a.i.R.d.ReservationDAOJDBC - Populating table reservation
15:42:23.986 [JavaFX Application Thread] INFO  a.a.t.s.a.i.R.d.ReservationDAOJDBC - Populating done
15:42:28.135 [JavaFX Application Thread] INFO  a.a.t.s.a.i.R.u.DetailVehicleViewController - Close button clicked
15:42:28.141 [JavaFX Application Thread] INFO  a.a.t.s.a.i.R.dao.VehicleDAOJDBC - Populating table vehicle
15:42:28.144 [JavaFX Application Thread] INFO  a.a.t.s.a.i.R.dao.VehicleDAOJDBC - Populating done
15:42:28.147 [JavaFX Application Thread] INFO  a.a.t.s.a.i.R.s.SimpleRentService - Getting reservations
15:42:28.148 [JavaFX Application Thread] INFO  a.a.t.s.a.i.R.d.ReservationDAOJDBC - Populating table reservation
15:42:28.150 [JavaFX Application Thread] INFO  a.a.t.s.a.i.R.d.ReservationDAOJDBC - Populating done
15:42:45.652 [JavaFX Application Thread] INFO  a.a.t.s.a.i.R.u.DetailVehicleViewController - Close button clicked
15:42:45.658 [JavaFX Application Thread] INFO  a.a.t.s.a.i.R.dao.VehicleDAOJDBC - Populating table vehicle
15:42:45.660 [JavaFX Application Thread] INFO  a.a.t.s.a.i.R.dao.VehicleDAOJDBC - Populating done
15:42:45.661 [JavaFX Application Thread] INFO  a.a.t.s.a.i.R.s.SimpleRentService - Getting reservations
15:42:45.662 [JavaFX Application Thread] INFO  a.a.t.s.a.i.R.d.ReservationDAOJDBC - Populating table reservation
15:42:45.664 [JavaFX Application Thread] INFO  a.a.t.s.a.i.R.d.ReservationDAOJDBC - Populating done
15:43:00.640 [JavaFX Application Thread] INFO  a.a.t.s.a.i.R.u.VehicleTableViewController - Delete button clicked
15:43:02.306 [JavaFX Application Thread] INFO  a.a.t.s.a.i.R.u.VehicleTableViewController - Deleting confirmed
15:43:02.307 [JavaFX Application Thread] INFO  a.a.t.s.a.i.R.s.SimpleRentService - Deleting vehicle Vehicle{id=3, label='Volkswagen Tiguan', year=2013, description='', seats=3, registrationNr='W414-01', type='motorized', power=130, price=2.8, date=2018-04-08, picture='C:\Users\Mensur\SEPMpictures\Tig-18-0033-Dig_3x2_B.png', drivingLicence='BC'}
15:43:02.307 [JavaFX Application Thread] INFO  a.a.t.s.a.i.R.dao.VehicleDAOJDBC - delete a Vehicle Vehicle{id=3, label='Volkswagen Tiguan', year=2013, description='', seats=3, registrationNr='W414-01', type='motorized', power=130, price=2.8, date=2018-04-08, picture='C:\Users\Mensur\SEPMpictures\Tig-18-0033-Dig_3x2_B.png', drivingLicence='BC'}
15:43:02.309 [JavaFX Application Thread] INFO  a.a.t.s.a.i.R.s.SimpleRentService - Deleting vehicle Vehicle{id=12, label='VW  GOlf', year=2014, description='', seats=0, registrationNr='W789-98', type='motorized', power=145, price=2.35, date=2018-04-10, picture='null', drivingLicence='BC'}
15:43:02.310 [JavaFX Application Thread] INFO  a.a.t.s.a.i.R.dao.VehicleDAOJDBC - delete a Vehicle Vehicle{id=12, label='VW  GOlf', year=2014, description='', seats=0, registrationNr='W789-98', type='motorized', power=145, price=2.35, date=2018-04-10, picture='null', drivingLicence='BC'}
15:43:02.311 [JavaFX Application Thread] INFO  a.a.t.s.a.i.R.dao.VehicleDAOJDBC - Populating table vehicle
15:43:02.313 [JavaFX Application Thread] INFO  a.a.t.s.a.i.R.dao.VehicleDAOJDBC - Populating done
15:43:02.314 [JavaFX Application Thread] INFO  a.a.t.s.a.i.R.s.SimpleRentService - Getting reservations
15:43:02.314 [JavaFX Application Thread] INFO  a.a.t.s.a.i.R.d.ReservationDAOJDBC - Populating table reservation
15:43:02.316 [JavaFX Application Thread] INFO  a.a.t.s.a.i.R.d.ReservationDAOJDBC - Populating done
15:43:15.557 [JavaFX Application Thread] INFO  a.a.t.s.a.i.R.u.VehicleTableViewController - Delete button clicked
15:43:18.141 [JavaFX Application Thread] INFO  a.a.t.s.a.i.R.u.VehicleTableViewController - Deleting confirmed
15:43:18.141 [JavaFX Application Thread] INFO  a.a.t.s.a.i.R.s.SimpleRentService - Deleting vehicle Vehicle{id=9, label='Citroen C4 Cactus', year=2014, description='', seats=5, registrationNr='T874-66', type='motorized', power=55, price=2.41, date=2018-04-08, picture='null', drivingLicence='B'}
15:43:18.141 [JavaFX Application Thread] INFO  a.a.t.s.a.i.R.dao.VehicleDAOJDBC - delete a Vehicle Vehicle{id=9, label='Citroen C4 Cactus', year=2014, description='', seats=5, registrationNr='T874-66', type='motorized', power=55, price=2.41, date=2018-04-08, picture='null', drivingLicence='B'}
15:43:18.142 [JavaFX Application Thread] INFO  a.a.t.s.a.i.R.dao.VehicleDAOJDBC - Populating table vehicle
15:43:18.144 [JavaFX Application Thread] INFO  a.a.t.s.a.i.R.dao.VehicleDAOJDBC - Populating done
15:43:18.145 [JavaFX Application Thread] INFO  a.a.t.s.a.i.R.s.SimpleRentService - Getting reservations
15:43:18.145 [JavaFX Application Thread] INFO  a.a.t.s.a.i.R.d.ReservationDAOJDBC - Populating table reservation
15:43:18.146 [JavaFX Application Thread] INFO  a.a.t.s.a.i.R.d.ReservationDAOJDBC - Populating done
15:43:41.207 [JavaFX Application Thread] INFO  a.a.t.s.a.i.R.u.VehicleTableViewController - Create filter button clicked
15:43:50.081 [JavaFX Application Thread] INFO  a.a.t.s.a.i.R.u.SearchFilterController - Search button clicked
15:43:50.081 [JavaFX Application Thread] INFO  a.a.t.s.a.i.R.s.SimpleRentService - Filtering vehicles
15:43:50.081 [JavaFX Application Thread] INFO  a.a.t.s.a.i.R.dao.VehicleDAOJDBC - Populating table vehicle with filter
15:43:50.083 [JavaFX Application Thread] INFO  a.a.t.s.a.i.R.dao.VehicleDAOJDBC - Populating done
15:43:50.089 [JavaFX Application Thread] INFO  a.a.t.s.a.i.R.s.SimpleRentService - Getting reservations
15:43:50.090 [JavaFX Application Thread] INFO  a.a.t.s.a.i.R.d.ReservationDAOJDBC - Populating table reservation
15:43:50.092 [JavaFX Application Thread] INFO  a.a.t.s.a.i.R.d.ReservationDAOJDBC - Populating done
15:43:51.925 [JavaFX Application Thread] INFO  a.a.t.s.a.i.R.u.VehicleTableViewController - Delete filter button clicked
15:43:51.926 [JavaFX Application Thread] INFO  a.a.t.s.a.i.R.dao.VehicleDAOJDBC - Populating table vehicle
15:43:51.927 [JavaFX Application Thread] INFO  a.a.t.s.a.i.R.dao.VehicleDAOJDBC - Populating done
15:43:51.927 [JavaFX Application Thread] INFO  a.a.t.s.a.i.R.s.SimpleRentService - Getting reservations
15:43:51.928 [JavaFX Application Thread] INFO  a.a.t.s.a.i.R.d.ReservationDAOJDBC - Populating table reservation
15:43:51.929 [JavaFX Application Thread] INFO  a.a.t.s.a.i.R.d.ReservationDAOJDBC - Populating done
15:43:52.601 [JavaFX Application Thread] INFO  a.a.t.s.a.i.R.u.VehicleTableViewController - Create filter button clicked
15:44:02.082 [JavaFX Application Thread] INFO  a.a.t.s.a.i.R.u.SearchFilterController - Search button clicked
15:44:02.120 [JavaFX Application Thread] INFO  a.a.t.s.a.i.R.s.SimpleRentService - Filtering vehicles
15:44:02.120 [JavaFX Application Thread] INFO  a.a.t.s.a.i.R.dao.VehicleDAOJDBC - Populating table vehicle with filter
15:44:02.123 [JavaFX Application Thread] INFO  a.a.t.s.a.i.R.dao.VehicleDAOJDBC - Populating done
15:44:02.131 [JavaFX Application Thread] INFO  a.a.t.s.a.i.R.s.SimpleRentService - Getting reservations
15:44:02.131 [JavaFX Application Thread] INFO  a.a.t.s.a.i.R.d.ReservationDAOJDBC - Populating table reservation
15:44:02.132 [JavaFX Application Thread] INFO  a.a.t.s.a.i.R.d.ReservationDAOJDBC - Populating done
15:44:07.170 [JavaFX Application Thread] INFO  a.a.t.s.a.i.R.u.VehicleTableViewController - Delete filter button clicked
15:44:07.170 [JavaFX Application Thread] INFO  a.a.t.s.a.i.R.dao.VehicleDAOJDBC - Populating table vehicle
15:44:07.171 [JavaFX Application Thread] INFO  a.a.t.s.a.i.R.dao.VehicleDAOJDBC - Populating done
15:44:07.171 [JavaFX Application Thread] INFO  a.a.t.s.a.i.R.s.SimpleRentService - Getting reservations
15:44:07.171 [JavaFX Application Thread] INFO  a.a.t.s.a.i.R.d.ReservationDAOJDBC - Populating table reservation
15:44:07.172 [JavaFX Application Thread] INFO  a.a.t.s.a.i.R.d.ReservationDAOJDBC - Populating done
15:44:07.566 [JavaFX Application Thread] INFO  a.a.t.s.a.i.R.u.VehicleTableViewController - Create filter button clicked
15:44:09.917 [JavaFX Application Thread] INFO  a.a.t.s.a.i.R.dao.VehicleDAOJDBC - Populating table vehicle
15:44:09.918 [JavaFX Application Thread] INFO  a.a.t.s.a.i.R.dao.VehicleDAOJDBC - Populating done
15:44:09.919 [JavaFX Application Thread] INFO  a.a.t.s.a.i.R.s.SimpleRentService - Getting reservations
15:44:09.919 [JavaFX Application Thread] INFO  a.a.t.s.a.i.R.d.ReservationDAOJDBC - Populating table reservation
15:44:09.920 [JavaFX Application Thread] INFO  a.a.t.s.a.i.R.d.ReservationDAOJDBC - Populating done
15:44:17.307 [JavaFX Application Thread] INFO  a.a.t.s.a.i.R.u.VehicleTableViewController - Create filter button clicked
15:44:20.025 [JavaFX Application Thread] INFO  a.a.t.s.a.i.R.dao.VehicleDAOJDBC - Populating table vehicle
15:44:20.026 [JavaFX Application Thread] INFO  a.a.t.s.a.i.R.dao.VehicleDAOJDBC - Populating done
15:44:20.027 [JavaFX Application Thread] INFO  a.a.t.s.a.i.R.s.SimpleRentService - Getting reservations
15:44:20.027 [JavaFX Application Thread] INFO  a.a.t.s.a.i.R.d.ReservationDAOJDBC - Populating table reservation
15:44:20.028 [JavaFX Application Thread] INFO  a.a.t.s.a.i.R.d.ReservationDAOJDBC - Populating done
15:44:47.074 [JavaFX Application Thread] DEBUG a.a.t.s.a.i.R.u.VehicleTableViewController - Reservation Reservation{id=34, name='Anna', bankOrCreditCard='AT022040400040102634', dateFrom=2018-04-06T12:00, dateTo=2018-04-09T11:00, totalPrice=198.79999999999998, date=2018-04-08, dateBill=2018-04-08T22:39:54.371392200, numberBill=3, status='paid'}
15:44:47.075 [JavaFX Application Thread] INFO  a.a.t.s.a.i.R.s.SimpleRentService - Getting vehicles
15:44:47.075 [JavaFX Application Thread] INFO  a.a.t.s.a.i.R.dao.BillDAOJDBC - Getting reserved list of vehicles
15:44:47.077 [JavaFX Application Thread] DEBUG a.a.t.s.a.i.R.u.DetailReservationViewController - Reservation{id=34, name='Anna', bankOrCreditCard='AT022040400040102634', dateFrom=2018-04-06T12:00, dateTo=2018-04-09T11:00, totalPrice=198.79999999999998, date=2018-04-08, dateBill=2018-04-08T22:39:54.371392200, numberBill=3, status='paid'}
15:44:47.095 [JavaFX Application Thread] INFO  a.a.t.s.a.i.R.s.SimpleRentService - Getting vehicles
15:44:47.095 [JavaFX Application Thread] INFO  a.a.t.s.a.i.R.dao.BillDAOJDBC - Getting reserved list of vehicles
15:44:56.023 [JavaFX Application Thread] INFO  a.a.t.s.a.i.R.u.DetailReservationViewController - Close button clicked
15:44:56.029 [JavaFX Application Thread] INFO  a.a.t.s.a.i.R.dao.VehicleDAOJDBC - Populating table vehicle
15:44:56.030 [JavaFX Application Thread] INFO  a.a.t.s.a.i.R.dao.VehicleDAOJDBC - Populating done
15:44:56.031 [JavaFX Application Thread] INFO  a.a.t.s.a.i.R.s.SimpleRentService - Getting reservations
15:44:56.031 [JavaFX Application Thread] INFO  a.a.t.s.a.i.R.d.ReservationDAOJDBC - Populating table reservation
15:44:56.032 [JavaFX Application Thread] INFO  a.a.t.s.a.i.R.d.ReservationDAOJDBC - Populating done
15:44:57.964 [JavaFX Application Thread] DEBUG a.a.t.s.a.i.R.u.VehicleTableViewController - Reservation Reservation{id=1, name='Lena', bankOrCreditCard='AT021200000703447144', dateFrom=2018-04-09T08:00, dateTo=2018-04-11T13:00, totalPrice=204.05, date=2018-04-08, dateBill=null, numberBill=0, status='open'}
15:44:57.964 [JavaFX Application Thread] INFO  a.a.t.s.a.i.R.s.SimpleRentService - Getting vehicles
15:44:57.964 [JavaFX Application Thread] INFO  a.a.t.s.a.i.R.dao.BillDAOJDBC - Getting reserved list of vehicles
15:44:57.966 [JavaFX Application Thread] DEBUG a.a.t.s.a.i.R.u.DetailReservationViewController - Reservation{id=1, name='Lena', bankOrCreditCard='AT021200000703447144', dateFrom=2018-04-09T08:00, dateTo=2018-04-11T13:00, totalPrice=204.05, date=2018-04-08, dateBill=null, numberBill=0, status='open'}
15:44:57.980 [JavaFX Application Thread] INFO  a.a.t.s.a.i.R.s.SimpleRentService - Getting vehicles
15:44:57.980 [JavaFX Application Thread] INFO  a.a.t.s.a.i.R.dao.BillDAOJDBC - Getting reserved list of vehicles
15:45:09.644 [JavaFX Application Thread] INFO  a.a.t.s.a.i.R.s.SimpleRentService - Paying reservation
15:45:09.644 [JavaFX Application Thread] INFO  a.a.t.s.a.i.R.d.ReservationDAOJDBC - Getting id of bill
15:45:09.694 [JavaFX Application Thread] INFO  a.a.t.s.a.i.R.d.ReservationDAOJDBC - Pay or Cancel reservation Reservation{id=1, name='Lena', bankOrCreditCard='AT021200000703447144', dateFrom=2018-04-09T08:00, dateTo=2018-04-11T13:00, totalPrice=204.05, date=2018-04-08, dateBill=2018-04-10T15:45:09.694022400, numberBill=4, status='paid'}
15:45:09.702 [JavaFX Application Thread] INFO  a.a.t.s.a.i.R.dao.VehicleDAOJDBC - Populating table vehicle
15:45:09.703 [JavaFX Application Thread] INFO  a.a.t.s.a.i.R.dao.VehicleDAOJDBC - Populating done
15:45:09.704 [JavaFX Application Thread] INFO  a.a.t.s.a.i.R.s.SimpleRentService - Getting reservations
15:45:09.704 [JavaFX Application Thread] INFO  a.a.t.s.a.i.R.d.ReservationDAOJDBC - Populating table reservation
15:45:09.705 [JavaFX Application Thread] INFO  a.a.t.s.a.i.R.d.ReservationDAOJDBC - Populating done
15:45:14.625 [JavaFX Application Thread] INFO  a.a.t.s.a.i.R.u.VehicleTableViewController - Bills button clicked
15:45:14.626 [JavaFX Application Thread] INFO  a.a.t.s.a.i.R.dao.VehicleDAOJDBC - Populating table vehicle
15:45:14.626 [JavaFX Application Thread] INFO  a.a.t.s.a.i.R.dao.VehicleDAOJDBC - Populating done
15:45:14.627 [JavaFX Application Thread] INFO  a.a.t.s.a.i.R.s.SimpleRentService - Getting reservations
15:45:14.627 [JavaFX Application Thread] INFO  a.a.t.s.a.i.R.d.ReservationDAOJDBC - Populating table reservation
15:45:14.628 [JavaFX Application Thread] INFO  a.a.t.s.a.i.R.d.ReservationDAOJDBC - Populating done
15:45:19.413 [JavaFX Application Thread] INFO  a.a.t.s.a.i.R.u.VehicleTableViewController - All reservations button clicked
15:45:19.414 [JavaFX Application Thread] INFO  a.a.t.s.a.i.R.dao.VehicleDAOJDBC - Populating table vehicle
15:45:19.415 [JavaFX Application Thread] INFO  a.a.t.s.a.i.R.dao.VehicleDAOJDBC - Populating done
15:45:19.415 [JavaFX Application Thread] INFO  a.a.t.s.a.i.R.s.SimpleRentService - Getting reservations
15:45:19.415 [JavaFX Application Thread] INFO  a.a.t.s.a.i.R.d.ReservationDAOJDBC - Populating table reservation
15:45:19.416 [JavaFX Application Thread] INFO  a.a.t.s.a.i.R.d.ReservationDAOJDBC - Populating done
15:45:24.500 [JavaFX Application Thread] INFO  a.a.t.s.a.i.R.u.VehicleTableViewController - Add new reservation button clicked
15:45:50.952 [JavaFX Application Thread] INFO  a.a.t.s.a.i.R.u.AddReservationController - Add vehicle button clicked
15:45:50.953 [JavaFX Application Thread] INFO  a.a.t.s.a.i.R.u.AddReservationController - Checking date 
15:45:50.955 [JavaFX Application Thread] DEBUG a.a.t.s.a.i.R.u.AddReservationController - Time to is empty
15:45:56.262 [JavaFX Application Thread] INFO  a.a.t.s.a.i.R.u.AddReservationController - Add vehicle button clicked
15:45:56.262 [JavaFX Application Thread] INFO  a.a.t.s.a.i.R.u.AddReservationController - Checking date 
15:45:56.264 [JavaFX Application Thread] INFO  a.a.t.s.a.i.R.dao.VehicleDAOJDBC - Getting free vehicles
15:46:32.017 [JavaFX Application Thread] INFO  a.a.t.s.a.i.R.u.AddReservationController - Remove Vehicle button clicked
15:46:34.709 [JavaFX Application Thread] INFO  a.a.t.s.a.i.R.u.AddReservationController - Close button clicked
15:46:34.715 [JavaFX Application Thread] INFO  a.a.t.s.a.i.R.dao.VehicleDAOJDBC - Populating table vehicle
15:46:34.716 [JavaFX Application Thread] INFO  a.a.t.s.a.i.R.dao.VehicleDAOJDBC - Populating done
15:46:34.716 [JavaFX Application Thread] INFO  a.a.t.s.a.i.R.s.SimpleRentService - Getting reservations
15:46:34.717 [JavaFX Application Thread] INFO  a.a.t.s.a.i.R.d.ReservationDAOJDBC - Populating table reservation
15:46:34.718 [JavaFX Application Thread] INFO  a.a.t.s.a.i.R.d.ReservationDAOJDBC - Populating done
15:46:36.592 [JavaFX Application Thread] INFO  a.a.t.s.a.i.R.u.VehicleTableViewController - Add new reservation button clicked
15:46:58.621 [JavaFX Application Thread] INFO  a.a.t.s.a.i.R.u.AddReservationController - Add vehicle button clicked
15:46:58.621 [JavaFX Application Thread] INFO  a.a.t.s.a.i.R.u.AddReservationController - Checking date 
15:46:58.623 [JavaFX Application Thread] INFO  a.a.t.s.a.i.R.dao.VehicleDAOJDBC - Getting free vehicles
15:47:26.476 [JavaFX Application Thread] INFO  a.a.t.s.a.i.R.u.AddReservationController - Add vehicle button clicked
15:47:26.476 [JavaFX Application Thread] INFO  a.a.t.s.a.i.R.u.AddReservationController - Checking date 
15:47:26.477 [JavaFX Application Thread] INFO  a.a.t.s.a.i.R.dao.VehicleDAOJDBC - Getting free vehicles
15:47:39.447 [JavaFX Application Thread] INFO  a.a.t.s.a.i.R.u.AddReservationController - Save button clicked
15:47:39.448 [JavaFX Application Thread] INFO  a.a.t.s.a.i.R.u.AddReservationController - Validating all input fields
15:47:42.725 [JavaFX Application Thread] INFO  a.a.t.s.a.i.R.u.AddReservationController - Saving confirmed
15:47:42.725 [JavaFX Application Thread] INFO  a.a.t.s.a.i.R.s.SimpleRentService - Saving reservation Reservation{id=null, name='asdf', bankOrCreditCard='at064444444444444444', dateFrom=2018-04-11T09:00, dateTo=2018-04-24T10:00, totalPrice=1242.6100000000001, date=2018-04-10, dateBill=null, numberBill=null, status='open'}
15:47:42.726 [JavaFX Application Thread] INFO  a.a.t.s.a.i.R.s.SimpleRentService - Checking for incorrect values
15:47:42.766 [JavaFX Application Thread] DEBUG a.a.t.s.a.i.R.u.AddReservationController - Exception occurred Invalid IBAN/Credit card numer
15:47:49.534 [JavaFX Application Thread] INFO  a.a.t.s.a.i.R.u.AddReservationController - Save button clicked
15:47:49.534 [JavaFX Application Thread] INFO  a.a.t.s.a.i.R.u.AddReservationController - Validating all input fields
15:47:51.894 [JavaFX Application Thread] INFO  a.a.t.s.a.i.R.u.AddReservationController - Saving confirmed
15:47:51.895 [JavaFX Application Thread] INFO  a.a.t.s.a.i.R.s.SimpleRentService - Saving reservation Reservation{id=null, name='asdf', bankOrCreditCard='at06444444444444', dateFrom=2018-04-11T09:00, dateTo=2018-04-24T10:00, totalPrice=1242.6100000000001, date=2018-04-10, dateBill=null, numberBill=null, status='open'}
15:47:51.895 [JavaFX Application Thread] INFO  a.a.t.s.a.i.R.s.SimpleRentService - Checking for incorrect values
15:47:51.895 [JavaFX Application Thread] DEBUG a.a.t.s.a.i.R.u.AddReservationController - Exception occurred Invalid IBAN/Credit card numer
15:48:17.672 [JavaFX Application Thread] INFO  a.a.t.s.a.i.R.u.AddReservationController - Save button clicked
15:48:17.673 [JavaFX Application Thread] INFO  a.a.t.s.a.i.R.u.AddReservationController - Validating all input fields
15:48:19.329 [JavaFX Application Thread] INFO  a.a.t.s.a.i.R.u.AddReservationController - Saving confirmed
15:48:19.330 [JavaFX Application Thread] INFO  a.a.t.s.a.i.R.s.SimpleRentService - Saving reservation Reservation{id=null, name='asdf', bankOrCreditCard='at122050222222222222', dateFrom=2018-04-11T09:00, dateTo=2018-04-24T10:00, totalPrice=1242.6100000000001, date=2018-04-10, dateBill=null, numberBill=null, status='open'}
15:48:19.330 [JavaFX Application Thread] INFO  a.a.t.s.a.i.R.s.SimpleRentService - Checking for incorrect values
15:48:19.330 [JavaFX Application Thread] DEBUG a.a.t.s.a.i.R.u.AddReservationController - Exception occurred Invalid IBAN/Credit card numer
15:48:55.304 [JavaFX Application Thread] INFO  a.a.t.s.a.i.R.u.AddReservationController - Save button clicked
15:48:55.304 [JavaFX Application Thread] INFO  a.a.t.s.a.i.R.u.AddReservationController - Validating all input fields
15:48:56.218 [JavaFX Application Thread] INFO  a.a.t.s.a.i.R.u.AddReservationController - Saving confirmed
15:48:56.218 [JavaFX Application Thread] INFO  a.a.t.s.a.i.R.s.SimpleRentService - Saving reservation Reservation{id=null, name='asdf', bankOrCreditCard='DE02120300000000202051', dateFrom=2018-04-11T09:00, dateTo=2018-04-24T10:00, totalPrice=1242.6100000000001, date=2018-04-10, dateBill=null, numberBill=null, status='open'}
15:48:56.218 [JavaFX Application Thread] INFO  a.a.t.s.a.i.R.s.SimpleRentService - Checking for incorrect values
15:48:56.219 [JavaFX Application Thread] INFO  a.a.t.s.a.i.R.s.SimpleRentService - All values checked
15:48:56.219 [JavaFX Application Thread] INFO  a.a.t.s.a.i.R.d.ReservationDAOJDBC - create a Reservation: Reservation{id=null, name='asdf', bankOrCreditCard='DE02120300000000202051', dateFrom=2018-04-11T09:00, dateTo=2018-04-24T10:00, totalPrice=1242.6100000000001, date=2018-04-10, dateBill=null, numberBill=null, status='open'}
15:48:56.221 [JavaFX Application Thread] INFO  a.a.t.s.a.i.R.d.ReservationDAOJDBC - Getting id of reservation
15:48:56.222 [JavaFX Application Thread] INFO  a.a.t.s.a.i.R.dao.BillDAOJDBC - create a Reservation: Reservation{id=35, name='asdf', bankOrCreditCard='DE02120300000000202051', dateFrom=2018-04-11T09:00, dateTo=2018-04-24T10:00, totalPrice=1242.6100000000001, date=2018-04-10, dateBill=null, numberBill=null, status='open'}
15:48:56.224 [JavaFX Application Thread] INFO  a.a.t.s.a.i.R.dao.BillDAOJDBC - create a Reservation: Reservation{id=35, name='asdf', bankOrCreditCard='DE02120300000000202051', dateFrom=2018-04-11T09:00, dateTo=2018-04-24T10:00, totalPrice=1242.6100000000001, date=2018-04-10, dateBill=null, numberBill=null, status='open'}
15:48:56.226 [JavaFX Application Thread] INFO  a.a.t.s.a.i.R.s.SimpleRentService - Reservation saved Reservation{id=35, name='asdf', bankOrCreditCard='DE02120300000000202051', dateFrom=2018-04-11T09:00, dateTo=2018-04-24T10:00, totalPrice=1242.6100000000001, date=2018-04-10, dateBill=null, numberBill=null, status='open'}
15:48:56.232 [JavaFX Application Thread] INFO  a.a.t.s.a.i.R.dao.VehicleDAOJDBC - Populating table vehicle
15:48:56.233 [JavaFX Application Thread] INFO  a.a.t.s.a.i.R.dao.VehicleDAOJDBC - Populating done
15:48:56.234 [JavaFX Application Thread] INFO  a.a.t.s.a.i.R.s.SimpleRentService - Getting reservations
15:48:56.234 [JavaFX Application Thread] INFO  a.a.t.s.a.i.R.d.ReservationDAOJDBC - Populating table reservation
15:48:56.235 [JavaFX Application Thread] INFO  a.a.t.s.a.i.R.d.ReservationDAOJDBC - Populating done
15:49:31.370 [JavaFX Application Thread] INFO  a.a.t.s.a.i.R.u.VehicleTableViewController - Add new reservation button clicked
15:49:42.112 [JavaFX Application Thread] INFO  a.a.t.s.a.i.R.u.AddReservationController - Add vehicle button clicked
15:49:42.113 [JavaFX Application Thread] INFO  a.a.t.s.a.i.R.u.AddReservationController - Checking date 
15:49:42.116 [JavaFX Application Thread] INFO  a.a.t.s.a.i.R.dao.VehicleDAOJDBC - Getting free vehicles
15:49:54.651 [JavaFX Application Thread] INFO  a.a.t.s.a.i.R.u.AddReservationController - Save button clicked
15:49:54.651 [JavaFX Application Thread] INFO  a.a.t.s.a.i.R.u.AddReservationController - Validating all input fields
15:49:54.653 [JavaFX Application Thread] INFO  a.a.t.s.a.i.R.s.SimpleRentService - Saving reservation Reservation{id=null, name='sef', bankOrCreditCard='AT021420020010147558', dateFrom=2018-04-25T10:00, dateTo=2018-04-27T11:00, totalPrice=146.02, date=2018-04-10, dateBill=null, numberBill=null, status='open'}
15:49:54.653 [JavaFX Application Thread] INFO  a.a.t.s.a.i.R.s.SimpleRentService - Checking for incorrect values
15:49:54.653 [JavaFX Application Thread] INFO  a.a.t.s.a.i.R.s.SimpleRentService - All values checked
15:49:54.654 [JavaFX Application Thread] INFO  a.a.t.s.a.i.R.d.ReservationDAOJDBC - create a Reservation: Reservation{id=null, name='sef', bankOrCreditCard='AT021420020010147558', dateFrom=2018-04-25T10:00, dateTo=2018-04-27T11:00, totalPrice=146.02, date=2018-04-10, dateBill=null, numberBill=null, status='open'}
15:49:54.655 [JavaFX Application Thread] INFO  a.a.t.s.a.i.R.d.ReservationDAOJDBC - Getting id of reservation
15:49:54.655 [JavaFX Application Thread] INFO  a.a.t.s.a.i.R.dao.BillDAOJDBC - create a Reservation: Reservation{id=36, name='sef', bankOrCreditCard='AT021420020010147558', dateFrom=2018-04-25T10:00, dateTo=2018-04-27T11:00, totalPrice=146.02, date=2018-04-10, dateBill=null, numberBill=null, status='open'}
15:49:54.656 [JavaFX Application Thread] INFO  a.a.t.s.a.i.R.s.SimpleRentService - Reservation saved Reservation{id=36, name='sef', bankOrCreditCard='AT021420020010147558', dateFrom=2018-04-25T10:00, dateTo=2018-04-27T11:00, totalPrice=146.02, date=2018-04-10, dateBill=null, numberBill=null, status='open'}
15:49:54.663 [JavaFX Application Thread] INFO  a.a.t.s.a.i.R.dao.VehicleDAOJDBC - Populating table vehicle
15:49:54.664 [JavaFX Application Thread] INFO  a.a.t.s.a.i.R.dao.VehicleDAOJDBC - Populating done
15:49:54.664 [JavaFX Application Thread] INFO  a.a.t.s.a.i.R.s.SimpleRentService - Getting reservations
15:49:54.664 [JavaFX Application Thread] INFO  a.a.t.s.a.i.R.d.ReservationDAOJDBC - Populating table reservation
15:49:54.666 [JavaFX Application Thread] INFO  a.a.t.s.a.i.R.d.ReservationDAOJDBC - Populating done
15:49:59.659 [JavaFX Application Thread] INFO  a.a.t.s.a.i.R.u.VehicleTableViewController - Bills button clicked
15:49:59.659 [JavaFX Application Thread] INFO  a.a.t.s.a.i.R.dao.VehicleDAOJDBC - Populating table vehicle
15:49:59.660 [JavaFX Application Thread] INFO  a.a.t.s.a.i.R.dao.VehicleDAOJDBC - Populating done
15:49:59.660 [JavaFX Application Thread] INFO  a.a.t.s.a.i.R.s.SimpleRentService - Getting reservations
15:49:59.660 [JavaFX Application Thread] INFO  a.a.t.s.a.i.R.d.ReservationDAOJDBC - Populating table reservation
15:49:59.661 [JavaFX Application Thread] INFO  a.a.t.s.a.i.R.d.ReservationDAOJDBC - Populating done
15:50:03.732 [JavaFX Application Thread] INFO  a.a.t.s.a.i.R.u.VehicleTableViewController - All reservations button clicked
15:50:03.733 [JavaFX Application Thread] INFO  a.a.t.s.a.i.R.dao.VehicleDAOJDBC - Populating table vehicle
15:50:03.733 [JavaFX Application Thread] INFO  a.a.t.s.a.i.R.dao.VehicleDAOJDBC - Populating done
15:50:03.733 [JavaFX Application Thread] INFO  a.a.t.s.a.i.R.s.SimpleRentService - Getting reservations
15:50:03.734 [JavaFX Application Thread] INFO  a.a.t.s.a.i.R.d.ReservationDAOJDBC - Populating table reservation
15:50:03.734 [JavaFX Application Thread] INFO  a.a.t.s.a.i.R.d.ReservationDAOJDBC - Populating done
15:50:21.057 [JavaFX Application Thread] INFO  a.a.t.s.a.i.R.u.VehicleTableViewController - Show statistics button clicked
15:51:23.310 [JavaFX Application Thread] INFO  a.a.t.s.a.i.R.u.StatisticsController - Generate Line Chart button clicked
15:51:28.244 [JavaFX Application Thread] INFO  a.a.t.s.a.i.R.u.StatisticsController - Generate Bar Chart button clicked
15:52:09.313 [JavaFX Application Thread] DEBUG a.a.t.s.a.i.a.MainApplication - Application shutdown initiated
